npm warn Unknown env config "recursive". This will stop working in the next major version of npm.
npm warn Unknown env config "auto-install-peers". This will stop working in the next major version of npm.

> oncologyit@2.0.0 build
> next build

 ⚠ You are using a non-standard "NODE_ENV" value in your environment. This creates inconsistencies in the project and is strongly advised against. Read more: https://nextjs.org/docs/messages/non-standard-node-env
   ▲ Next.js 15.5.15

   Creating an optimized production build ...
 ✓ Compiled successfully in 955ms
   Linting and checking validity of types ...
   Collecting page data ...
   Generating static pages (0/35) ...
Error: <Html> should not be imported outside of pages/_document.
Read more: https://nextjs.org/docs/messages/no-document-import-in-page
    at x (.next/server/chunks/611.js:6:1351)
Error occurred prerendering page "/404". Read more: https://nextjs.org/docs/messages/prerender-error
Error: <Html> should not be imported outside of pages/_document.
Read more: https://nextjs.org/docs/messages/no-document-import-in-page
    at x (.next/server/chunks/611.js:6:1351)
Export encountered an error on /_error: /404, exiting the build.
Each child in a list should have a unique "key" prop.

Check the top-level render call using <html>. See https://react.dev/link/warning-keys for more information.
Each child in a list should have a unique "key" prop.

Check the top-level render call using <meta>. See https://react.dev/link/warning-keys for more information.
Each child in a list should have a unique "key" prop.

Check the top-level render call using <head>. See https://react.dev/link/warning-keys for more information.
Error occurred prerendering page "/contact". Read more: https://nextjs.org/docs/messages/prerender-error
TypeError: Cannot read properties of null (reading 'useState')
    at n (.next/server/chunks/180.js:1:5057) {
  digest: '282336522'
}
Export encountered an error on /contact/page: /contact, exiting the build.
 ⨯ Next.js build worker exited with code: 1 and signal: null
